<?xml version="1.0" encoding="utf-8"?><testsuites><testsuite name="pytest" errors="0" failures="0" skipped="0" tests="3" time="0.829" timestamp="2024-04-11T15:51:03.848642" hostname="Leandros-MacBook-Pro.local"><testcase classname="src.test.api_lambda_test" name="test_create_secret" time="0.079" /><testcase classname="src.test.api_lambda_test" name="test_decrypt_secret" time="0.032" /><testcase classname="src.test.api_lambda_test" name="test_invalid_secret" time="0.031" /></testsuite></testsuites>