<?xml version="1.0" encoding="utf-8"?><testsuites><testsuite name="pytest" errors="0" failures="0" skipped="0" tests="3" time="0.755" timestamp="2024-04-16T17:03:07.199380" hostname="Leandros-MacBook-Pro.local"><testcase classname="src.test.api_lambda_test" name="test_create_secret" time="0.103" /><testcase classname="src.test.api_lambda_test" name="test_decrypt_secret" time="0.030" /><testcase classname="src.test.api_lambda_test" name="test_invalid_secret" time="0.029" /></testsuite></testsuites>